{"/Users/Alex/projects/jadback/src/user/user.dto.ts": {"path":"/Users/Alex/projects/jadback/src/user/user.dto.ts","statementMap":{"0":{"start":{"line":1,"column":0},"end":{"line":1,"column":66}},"1":{"start":{"line":6,"column":4},"end":{"line":6,"column":null}},"2":{"start":{"line":9,"column":4},"end":{"line":9,"column":null}},"3":{"start":{"line":13,"column":4},"end":{"line":13,"column":null}},"4":{"start":{"line":16,"column":4},"end":{"line":16,"column":null}},"5":{"start":{"line":3,"column":0},"end":{"line":3,"column":13}},"6":{"start":{"line":21,"column":4},"end":{"line":21,"column":null}},"7":{"start":{"line":24,"column":4},"end":{"line":24,"column":null}},"8":{"start":{"line":19,"column":0},"end":{"line":19,"column":13}},"9":{"start":{"line":30,"column":4},"end":{"line":30,"column":null}},"10":{"start":{"line":33,"column":4},"end":{"line":33,"column":null}},"11":{"start":{"line":27,"column":0},"end":{"line":27,"column":13}},"12":{"start":{"line":36,"column":0},"end":{"line":36,"column":13}}},"fnMap":{},"branchMap":{},"s":{"0":1,"1":1,"2":1,"3":1,"4":1,"5":1,"6":1,"7":1,"8":1,"9":1,"10":1,"11":1,"12":1},"f":{},"b":{}}
,"/Users/Alex/projects/jadback/src/user/user.model.ts": {"path":"/Users/Alex/projects/jadback/src/user/user.model.ts","statementMap":{"0":{"start":{"line":2,"column":0},"end":{"line":2,"column":36}},"1":{"start":{"line":3,"column":0},"end":{"line":3,"column":37}},"2":{"start":{"line":5,"column":0},"end":{"line":5,"column":37}},"3":{"start":{"line":6,"column":0},"end":{"line":6,"column":23}},"4":{"start":{"line":7,"column":0},"end":{"line":7,"column":32}},"5":{"start":{"line":13,"column":23},"end":{"line":15,"column":1}},"6":{"start":{"line":14,"column":4},"end":{"line":14,"column":27}},"7":{"start":{"line":17,"column":27},"end":{"line":19,"column":1}},"8":{"start":{"line":18,"column":4},"end":{"line":18,"column":null}},"9":{"start":{"line":21,"column":13},"end":{"line":39,"column":3}},"10":{"start":{"line":44,"column":0},"end":{"line":49,"column":7}},"11":{"start":{"line":48,"column":8},"end":{"line":48,"column":34}},"12":{"start":{"line":51,"column":0},"end":{"line":70,"column":3}},"13":{"start":{"line":53,"column":17},"end":{"line":53,"column":21}},"14":{"start":{"line":54,"column":4},"end":{"line":56,"column":null}},"15":{"start":{"line":55,"column":8},"end":{"line":55,"column":22}},"16":{"start":{"line":59,"column":4},"end":{"line":59,"column":30}},"17":{"start":{"line":61,"column":4},"end":{"line":69,"column":7}},"18":{"start":{"line":62,"column":8},"end":{"line":62,"column":34}},"19":{"start":{"line":62,"column":17},"end":{"line":62,"column":34}},"20":{"start":{"line":64,"column":8},"end":{"line":68,"column":11}},"21":{"start":{"line":65,"column":12},"end":{"line":65,"column":38}},"22":{"start":{"line":65,"column":21},"end":{"line":65,"column":38}},"23":{"start":{"line":66,"column":12},"end":{"line":66,"column":40}},"24":{"start":{"line":67,"column":12},"end":{"line":67,"column":19}},"25":{"start":{"line":72,"column":0},"end":{"line":74,"column":null}},"26":{"start":{"line":73,"column":4},"end":{"line":73,"column":74}},"27":{"start":{"line":76,"column":0},"end":{"line":88,"column":2}},"28":{"start":{"line":77,"column":65},"end":{"line":77,"column":69}},"29":{"start":{"line":79,"column":30},"end":{"line":79,"column":82}},"30":{"start":{"line":82,"column":4},"end":{"line":85,"column":null}},"31":{"start":{"line":83,"column":20},"end":{"line":83,"column":32}},"32":{"start":{"line":84,"column":8},"end":{"line":84,"column":54}},"33":{"start":{"line":87,"column":4},"end":{"line":87,"column":26}},"34":{"start":{"line":90,"column":0},"end":{"line":99,"column":2}},"35":{"start":{"line":91,"column":34},"end":{"line":91,"column":38}},"36":{"start":{"line":92,"column":4},"end":{"line":98,"column":23}}},"fnMap":{"0":{"name":"(anonymous_0)","decl":{"start":{"line":13,"column":23},"end":{"line":13,"column":24}},"loc":{"start":{"line":13,"column":50},"end":{"line":15,"column":1}}},"1":{"name":"(anonymous_1)","decl":{"start":{"line":17,"column":27},"end":{"line":17,"column":28}},"loc":{"start":{"line":17,"column":40},"end":{"line":19,"column":1}}},"2":{"name":"(anonymous_2)","decl":{"start":{"line":47,"column":9},"end":{"line":47,"column":19}},"loc":{"start":{"line":47,"column":27},"end":{"line":49,"column":5}}},"3":{"name":"(anonymous_3)","decl":{"start":{"line":51,"column":23},"end":{"line":51,"column":33}},"loc":{"start":{"line":51,"column":37},"end":{"line":70,"column":1}}},"4":{"name":"(anonymous_4)","decl":{"start":{"line":61,"column":23},"end":{"line":61,"column":33}},"loc":{"start":{"line":61,"column":42},"end":{"line":69,"column":5}}},"5":{"name":"(anonymous_5)","decl":{"start":{"line":64,"column":42},"end":{"line":64,"column":52}},"loc":{"start":{"line":64,"column":61},"end":{"line":68,"column":9}}},"6":{"name":"(anonymous_6)","decl":{"start":{"line":72,"column":37},"end":{"line":72,"column":42}},"loc":{"start":{"line":72,"column":78},"end":{"line":74,"column":1}}},"7":{"name":"(anonymous_7)","decl":{"start":{"line":76,"column":38},"end":{"line":76,"column":48}},"loc":{"start":{"line":76,"column":66},"end":{"line":88,"column":1}}},"8":{"name":"(anonymous_8)","decl":{"start":{"line":90,"column":27},"end":{"line":90,"column":null}},"loc":{"start":{"line":90,"column":27},"end":{"line":99,"column":1}}}},"branchMap":{"0":{"loc":{"start":{"line":18,"column":12},"end":{"line":18,"column":20}},"type":"binary-expr","locations":[{"start":{"line":18,"column":12},"end":{"line":18,"column":20}},{"start":{"line":18,"column":24},"end":{"line":18,"column":39}}]},"1":{"loc":{"start":{"line":54,"column":4},"end":{"line":56,"column":null}},"type":"if","locations":[{"start":{"line":54,"column":4},"end":{"line":56,"column":null}},{"start":{"line":54,"column":4},"end":{"line":56,"column":null}}]},"2":{"loc":{"start":{"line":62,"column":8},"end":{"line":62,"column":34}},"type":"if","locations":[{"start":{"line":62,"column":8},"end":{"line":62,"column":34}},{"start":{"line":62,"column":8},"end":{"line":62,"column":34}}]},"3":{"loc":{"start":{"line":65,"column":12},"end":{"line":65,"column":38}},"type":"if","locations":[{"start":{"line":65,"column":12},"end":{"line":65,"column":38}},{"start":{"line":65,"column":12},"end":{"line":65,"column":38}}]},"4":{"loc":{"start":{"line":82,"column":4},"end":{"line":85,"column":null}},"type":"if","locations":[{"start":{"line":82,"column":4},"end":{"line":85,"column":null}},{"start":{"line":82,"column":4},"end":{"line":85,"column":null}}]}},"s":{"0":1,"1":1,"2":1,"3":1,"4":1,"5":1,"6":3,"7":1,"8":0,"9":1,"10":1,"11":1,"12":1,"13":1,"14":1,"15":0,"16":1,"17":1,"18":1,"19":0,"20":1,"21":1,"22":0,"23":1,"24":1,"25":1,"26":0,"27":1,"28":2,"29":2,"30":2,"31":1,"32":1,"33":2,"34":1,"35":1,"36":1},"f":{"0":3,"1":0,"2":1,"3":1,"4":1,"5":1,"6":0,"7":2,"8":1},"b":{"0":[0,0],"1":[0,1],"2":[0,1],"3":[0,1],"4":[1,1]}}
,"/Users/Alex/projects/jadback/src/user/user.service.ts": {"path":"/Users/Alex/projects/jadback/src/user/user.service.ts","statementMap":{"0":{"start":{"line":1,"column":0},"end":{"line":1,"column":79}},"1":{"start":{"line":2,"column":0},"end":{"line":2,"column":33}},"2":{"start":{"line":3,"column":0},"end":{"line":3,"column":47}},"3":{"start":{"line":8,"column":0},"end":{"line":187,"column":null}},"4":{"start":{"line":10,"column":54},"end":{"line":10,"column":65}},"5":{"start":{"line":15,"column":22},"end":{"line":15,"column":56}},"6":{"start":{"line":16,"column":8},"end":{"line":16,"column":64}},"7":{"start":{"line":16,"column":34},"end":{"line":16,"column":62}},"8":{"start":{"line":20,"column":8},"end":{"line":30,"column":null}},"9":{"start":{"line":21,"column":23},"end":{"line":21,"column":61}},"10":{"start":{"line":23,"column":12},"end":{"line":25,"column":null}},"11":{"start":{"line":24,"column":16},"end":{"line":24,"column":82}},"12":{"start":{"line":26,"column":12},"end":{"line":26,"column":48}},"13":{"start":{"line":29,"column":12},"end":{"line":29,"column":null}},"14":{"start":{"line":35,"column":8},"end":{"line":45,"column":null}},"15":{"start":{"line":36,"column":23},"end":{"line":36,"column":63}},"16":{"start":{"line":38,"column":12},"end":{"line":40,"column":null}},"17":{"start":{"line":39,"column":16},"end":{"line":39,"column":82}},"18":{"start":{"line":41,"column":12},"end":{"line":41,"column":48}},"19":{"start":{"line":44,"column":12},"end":{"line":44,"column":null}},"20":{"start":{"line":50,"column":37},"end":{"line":50,"column":41}},"21":{"start":{"line":51,"column":21},"end":{"line":51,"column":79}},"22":{"start":{"line":53,"column":8},"end":{"line":57,"column":null}},"23":{"start":{"line":54,"column":12},"end":{"line":54,"column":93}},"24":{"start":{"line":56,"column":12},"end":{"line":56,"column":65}},"25":{"start":{"line":59,"column":8},"end":{"line":59,"column":43}},"26":{"start":{"line":63,"column":50},"end":{"line":63,"column":54}},"27":{"start":{"line":64,"column":32},"end":{"line":64,"column":46}},"28":{"start":{"line":66,"column":19},"end":{"line":66,"column":69}},"29":{"start":{"line":68,"column":8},"end":{"line":70,"column":null}},"30":{"start":{"line":69,"column":12},"end":{"line":69,"column":88}},"31":{"start":{"line":72,"column":8},"end":{"line":72,"column":82}},"32":{"start":{"line":74,"column":8},"end":{"line":78,"column":null}},"33":{"start":{"line":75,"column":12},"end":{"line":75,"column":30}},"34":{"start":{"line":77,"column":12},"end":{"line":77,"column":75}},"35":{"start":{"line":80,"column":8},"end":{"line":80,"column":null}},"36":{"start":{"line":85,"column":8},"end":{"line":99,"column":null}},"37":{"start":{"line":86,"column":34},"end":{"line":86,"column":38}},"38":{"start":{"line":87,"column":25},"end":{"line":90,"column":49}},"39":{"start":{"line":92,"column":12},"end":{"line":94,"column":null}},"40":{"start":{"line":93,"column":16},"end":{"line":93,"column":82}},"41":{"start":{"line":96,"column":12},"end":{"line":96,"column":null}},"42":{"start":{"line":98,"column":12},"end":{"line":98,"column":75}},"43":{"start":{"line":104,"column":8},"end":{"line":110,"column":null}},"44":{"start":{"line":105,"column":23},"end":{"line":105,"column":57}},"45":{"start":{"line":106,"column":12},"end":{"line":106,"column":32}},"46":{"start":{"line":107,"column":12},"end":{"line":107,"column":35}},"47":{"start":{"line":109,"column":12},"end":{"line":109,"column":75}},"48":{"start":{"line":114,"column":21},"end":{"line":114,"column":59}},"49":{"start":{"line":116,"column":8},"end":{"line":126,"column":null}},"50":{"start":{"line":117,"column":12},"end":{"line":117,"column":93}},"51":{"start":{"line":119,"column":12},"end":{"line":119,"column":40}},"52":{"start":{"line":120,"column":12},"end":{"line":125,"column":null}},"53":{"start":{"line":121,"column":16},"end":{"line":121,"column":34}},"54":{"start":{"line":122,"column":16},"end":{"line":122,"column":51}},"55":{"start":{"line":124,"column":16},"end":{"line":124,"column":79}},"56":{"start":{"line":130,"column":21},"end":{"line":130,"column":59}},"57":{"start":{"line":132,"column":8},"end":{"line":144,"column":null}},"58":{"start":{"line":133,"column":12},"end":{"line":133,"column":77}},"59":{"start":{"line":135,"column":35},"end":{"line":135,"column":87}},"60":{"start":{"line":135,"column":63},"end":{"line":135,"column":86}},"61":{"start":{"line":136,"column":12},"end":{"line":136,"column":32}},"62":{"start":{"line":137,"column":12},"end":{"line":137,"column":31}},"63":{"start":{"line":138,"column":12},"end":{"line":143,"column":null}},"64":{"start":{"line":139,"column":16},"end":{"line":139,"column":34}},"65":{"start":{"line":140,"column":16},"end":{"line":140,"column":51}},"66":{"start":{"line":142,"column":16},"end":{"line":142,"column":79}},"67":{"start":{"line":148,"column":21},"end":{"line":148,"column":59}},"68":{"start":{"line":150,"column":8},"end":{"line":161,"column":null}},"69":{"start":{"line":151,"column":12},"end":{"line":151,"column":77}},"70":{"start":{"line":153,"column":37},"end":{"line":153,"column":89}},"71":{"start":{"line":153,"column":65},"end":{"line":153,"column":88}},"72":{"start":{"line":154,"column":12},"end":{"line":154,"column":31}},"73":{"start":{"line":155,"column":12},"end":{"line":160,"column":null}},"74":{"start":{"line":156,"column":16},"end":{"line":156,"column":34}},"75":{"start":{"line":157,"column":16},"end":{"line":157,"column":51}},"76":{"start":{"line":159,"column":16},"end":{"line":159,"column":79}},"77":{"start":{"line":165,"column":19},"end":{"line":165,"column":76}},"78":{"start":{"line":167,"column":8},"end":{"line":183,"column":null}},"79":{"start":{"line":168,"column":36},"end":{"line":168,"column":59}},"80":{"start":{"line":170,"column":12},"end":{"line":175,"column":24}},"81":{"start":{"line":177,"column":12},"end":{"line":182,"column":null}},"82":{"start":{"line":178,"column":16},"end":{"line":178,"column":34}},"83":{"start":{"line":179,"column":16},"end":{"line":179,"column":66}},"84":{"start":{"line":181,"column":16},"end":{"line":181,"column":63}},"85":{"start":{"line":8,"column":13},"end":{"line":187,"column":null}},"86":{"start":{"line":8,"column":13},"end":{"line":8,"column":24}}},"fnMap":{"0":{"name":"(anonymous_4)","decl":{"start":{"line":10,"column":4},"end":{"line":10,"column":17}},"loc":{"start":{"line":10,"column":77},"end":{"line":12,"column":5}}},"1":{"name":"(anonymous_5)","decl":{"start":{"line":14,"column":4},"end":{"line":14,"column":9}},"loc":{"start":{"line":14,"column":22},"end":{"line":17,"column":5}}},"2":{"name":"(anonymous_6)","decl":{"start":{"line":16,"column":26},"end":{"line":16,"column":30}},"loc":{"start":{"line":16,"column":34},"end":{"line":16,"column":62}}},"3":{"name":"(anonymous_7)","decl":{"start":{"line":19,"column":4},"end":{"line":19,"column":9}},"loc":{"start":{"line":19,"column":32},"end":{"line":32,"column":5}}},"4":{"name":"(anonymous_8)","decl":{"start":{"line":34,"column":4},"end":{"line":34,"column":9}},"loc":{"start":{"line":34,"column":44},"end":{"line":46,"column":5}}},"5":{"name":"(anonymous_9)","decl":{"start":{"line":49,"column":4},"end":{"line":49,"column":9}},"loc":{"start":{"line":49,"column":41},"end":{"line":60,"column":5}}},"6":{"name":"(anonymous_10)","decl":{"start":{"line":62,"column":4},"end":{"line":62,"column":9}},"loc":{"start":{"line":62,"column":31},"end":{"line":81,"column":5}}},"7":{"name":"(anonymous_11)","decl":{"start":{"line":83,"column":4},"end":{"line":83,"column":9}},"loc":{"start":{"line":83,"column":61},"end":{"line":101,"column":5}}},"8":{"name":"(anonymous_12)","decl":{"start":{"line":103,"column":4},"end":{"line":103,"column":9}},"loc":{"start":{"line":103,"column":28},"end":{"line":111,"column":5}}},"9":{"name":"(anonymous_13)","decl":{"start":{"line":113,"column":4},"end":{"line":113,"column":9}},"loc":{"start":{"line":113,"column":109},"end":{"line":127,"column":5}}},"10":{"name":"(anonymous_14)","decl":{"start":{"line":129,"column":4},"end":{"line":129,"column":9}},"loc":{"start":{"line":129,"column":51},"end":{"line":145,"column":5}}},"11":{"name":"(anonymous_15)","decl":{"start":{"line":135,"column":54},"end":{"line":135,"column":58}},"loc":{"start":{"line":135,"column":61},"end":{"line":135,"column":86}}},"12":{"name":"(anonymous_16)","decl":{"start":{"line":147,"column":4},"end":{"line":147,"column":9}},"loc":{"start":{"line":147,"column":44},"end":{"line":162,"column":5}}},"13":{"name":"(anonymous_17)","decl":{"start":{"line":153,"column":56},"end":{"line":153,"column":60}},"loc":{"start":{"line":153,"column":63},"end":{"line":153,"column":88}}},"14":{"name":"(anonymous_18)","decl":{"start":{"line":164,"column":4},"end":{"line":164,"column":9}},"loc":{"start":{"line":164,"column":27},"end":{"line":184,"column":5}}}},"branchMap":{"0":{"loc":{"start":{"line":23,"column":12},"end":{"line":25,"column":null}},"type":"if","locations":[{"start":{"line":23,"column":12},"end":{"line":25,"column":null}},{"start":{"line":23,"column":12},"end":{"line":25,"column":null}}]},"1":{"loc":{"start":{"line":38,"column":12},"end":{"line":40,"column":null}},"type":"if","locations":[{"start":{"line":38,"column":12},"end":{"line":40,"column":null}},{"start":{"line":38,"column":12},"end":{"line":40,"column":null}}]},"2":{"loc":{"start":{"line":53,"column":8},"end":{"line":57,"column":null}},"type":"if","locations":[{"start":{"line":53,"column":8},"end":{"line":57,"column":null}},{"start":{"line":53,"column":8},"end":{"line":57,"column":null}}]},"3":{"loc":{"start":{"line":53,"column":12},"end":{"line":53,"column":17}},"type":"binary-expr","locations":[{"start":{"line":53,"column":12},"end":{"line":53,"column":17}},{"start":{"line":53,"column":21},"end":{"line":53,"column":58}}]},"4":{"loc":{"start":{"line":68,"column":8},"end":{"line":70,"column":null}},"type":"if","locations":[{"start":{"line":68,"column":8},"end":{"line":70,"column":null}},{"start":{"line":68,"column":8},"end":{"line":70,"column":null}}]},"5":{"loc":{"start":{"line":92,"column":12},"end":{"line":94,"column":null}},"type":"if","locations":[{"start":{"line":92,"column":12},"end":{"line":94,"column":null}},{"start":{"line":92,"column":12},"end":{"line":94,"column":null}}]},"6":{"loc":{"start":{"line":116,"column":8},"end":{"line":126,"column":null}},"type":"if","locations":[{"start":{"line":116,"column":8},"end":{"line":126,"column":null}},{"start":{"line":116,"column":8},"end":{"line":126,"column":null}}]},"7":{"loc":{"start":{"line":116,"column":13},"end":{"line":116,"column":18}},"type":"binary-expr","locations":[{"start":{"line":116,"column":13},"end":{"line":116,"column":18}},{"start":{"line":116,"column":23},"end":{"line":116,"column":39}},{"start":{"line":116,"column":43},"end":{"line":116,"column":83}}]},"8":{"loc":{"start":{"line":132,"column":8},"end":{"line":144,"column":null}},"type":"if","locations":[{"start":{"line":132,"column":8},"end":{"line":144,"column":null}},{"start":{"line":132,"column":8},"end":{"line":144,"column":null}}]},"9":{"loc":{"start":{"line":150,"column":8},"end":{"line":161,"column":null}},"type":"if","locations":[{"start":{"line":150,"column":8},"end":{"line":161,"column":null}},{"start":{"line":150,"column":8},"end":{"line":161,"column":null}}]},"10":{"loc":{"start":{"line":167,"column":8},"end":{"line":183,"column":null}},"type":"if","locations":[{"start":{"line":167,"column":8},"end":{"line":183,"column":null}},{"start":{"line":167,"column":8},"end":{"line":183,"column":null}}]},"11":{"loc":{"start":{"line":10,"column":70},"end":{"line":10,"column":77}},"type":"cond-expr","locations":[{"start":{"line":10,"column":70},"end":{"line":10,"column":77}},{"start":{"line":10,"column":70},"end":{"line":10,"column":77}}]},"12":{"loc":{"start":{"line":10,"column":65},"end":{"line":10,"column":77}},"type":"binary-expr","locations":[{"start":{"line":10,"column":65},"end":{"line":10,"column":77}},{"start":{"line":10,"column":65},"end":{"line":10,"column":70}}]}},"s":{"0":1,"1":1,"2":1,"3":1,"4":2,"5":0,"6":0,"7":0,"8":0,"9":0,"10":0,"11":0,"12":0,"13":0,"14":2,"15":2,"16":2,"17":1,"18":1,"19":1,"20":0,"21":0,"22":0,"23":0,"24":0,"25":0,"26":1,"27":1,"28":1,"29":1,"30":0,"31":1,"32":1,"33":1,"34":0,"35":1,"36":0,"37":0,"38":0,"39":0,"40":0,"41":0,"42":0,"43":1,"44":1,"45":1,"46":1,"47":0,"48":0,"49":0,"50":0,"51":0,"52":0,"53":0,"54":0,"55":0,"56":0,"57":0,"58":0,"59":0,"60":0,"61":0,"62":0,"63":0,"64":0,"65":0,"66":0,"67":0,"68":0,"69":0,"70":0,"71":0,"72":0,"73":0,"74":0,"75":0,"76":0,"77":0,"78":0,"79":0,"80":0,"81":0,"82":0,"83":0,"84":0,"85":1,"86":1},"f":{"0":2,"1":0,"2":0,"3":0,"4":2,"5":0,"6":1,"7":0,"8":1,"9":0,"10":0,"11":0,"12":0,"13":0,"14":0},"b":{"0":[0,0],"1":[1,1],"2":[0,0],"3":[0,0],"4":[0,1],"5":[0,0],"6":[0,0],"7":[0,0,0],"8":[0,0],"9":[0,0],"10":[0,0],"11":[1,0],"12":[1,1]}}
}
