TN:
SF:/Users/Alex/projects/jadback/src/user/user.dto.ts
FNF:0
FNH:0
DA:1,1
DA:3,1
DA:6,1
DA:9,1
DA:13,1
DA:16,1
DA:19,1
DA:21,1
DA:24,1
DA:27,1
DA:30,1
DA:33,1
DA:36,1
LF:13
LH:13
BRF:0
BRH:0
end_of_record
TN:
SF:/Users/Alex/projects/jadback/src/user/user.model.ts
FN:13,(anonymous_0)
FN:17,(anonymous_1)
FN:47,(anonymous_2)
FN:51,(anonymous_3)
FN:61,(anonymous_4)
FN:64,(anonymous_5)
FN:72,(anonymous_6)
FN:76,(anonymous_7)
FN:90,(anonymous_8)
FNF:9
FNH:7
FNDA:3,(anonymous_0)
FNDA:0,(anonymous_1)
FNDA:1,(anonymous_2)
FNDA:1,(anonymous_3)
FNDA:1,(anonymous_4)
FNDA:1,(anonymous_5)
FNDA:0,(anonymous_6)
FNDA:2,(anonymous_7)
FNDA:1,(anonymous_8)
DA:2,1
DA:3,1
DA:5,1
DA:6,1
DA:7,1
DA:13,1
DA:14,3
DA:17,1
DA:18,0
DA:21,1
DA:44,1
DA:48,1
DA:51,1
DA:53,1
DA:54,1
DA:55,0
DA:59,1
DA:61,1
DA:62,1
DA:64,1
DA:65,1
DA:66,1
DA:67,1
DA:72,1
DA:73,0
DA:76,1
DA:77,2
DA:79,2
DA:82,2
DA:83,1
DA:84,1
DA:87,2
DA:90,1
DA:91,1
DA:92,1
LF:35
LH:32
BRDA:18,0,0,0
BRDA:18,0,1,0
BRDA:54,1,0,0
BRDA:54,1,1,1
BRDA:62,2,0,0
BRDA:62,2,1,1
BRDA:65,3,0,0
BRDA:65,3,1,1
BRDA:82,4,0,1
BRDA:82,4,1,1
BRF:10
BRH:5
end_of_record
TN:
SF:/Users/Alex/projects/jadback/src/user/user.service.ts
FN:10,(anonymous_4)
FN:14,(anonymous_5)
FN:16,(anonymous_6)
FN:19,(anonymous_7)
FN:34,(anonymous_8)
FN:49,(anonymous_9)
FN:62,(anonymous_10)
FN:83,(anonymous_11)
FN:103,(anonymous_12)
FN:113,(anonymous_13)
FN:129,(anonymous_14)
FN:135,(anonymous_15)
FN:147,(anonymous_16)
FN:153,(anonymous_17)
FN:164,(anonymous_18)
FNF:15
FNH:4
FNDA:2,(anonymous_4)
FNDA:0,(anonymous_5)
FNDA:0,(anonymous_6)
FNDA:0,(anonymous_7)
FNDA:2,(anonymous_8)
FNDA:0,(anonymous_9)
FNDA:1,(anonymous_10)
FNDA:0,(anonymous_11)
FNDA:1,(anonymous_12)
FNDA:0,(anonymous_13)
FNDA:0,(anonymous_14)
FNDA:0,(anonymous_15)
FNDA:0,(anonymous_16)
FNDA:0,(anonymous_17)
FNDA:0,(anonymous_18)
DA:1,1
DA:2,1
DA:3,1
DA:8,1
DA:10,2
DA:15,0
DA:16,0
DA:20,0
DA:21,0
DA:23,0
DA:24,0
DA:26,0
DA:29,0
DA:35,2
DA:36,2
DA:38,2
DA:39,1
DA:41,1
DA:44,1
DA:50,0
DA:51,0
DA:53,0
DA:54,0
DA:56,0
DA:59,0
DA:63,1
DA:64,1
DA:66,1
DA:68,1
DA:69,0
DA:72,1
DA:74,1
DA:75,1
DA:77,0
DA:80,1
DA:85,0
DA:86,0
DA:87,0
DA:92,0
DA:93,0
DA:96,0
DA:98,0
DA:104,1
DA:105,1
DA:106,1
DA:107,1
DA:109,0
DA:114,0
DA:116,0
DA:117,0
DA:119,0
DA:120,0
DA:121,0
DA:122,0
DA:124,0
DA:130,0
DA:132,0
DA:133,0
DA:135,0
DA:136,0
DA:137,0
DA:138,0
DA:139,0
DA:140,0
DA:142,0
DA:148,0
DA:150,0
DA:151,0
DA:153,0
DA:154,0
DA:155,0
DA:156,0
DA:157,0
DA:159,0
DA:165,0
DA:167,0
DA:168,0
DA:170,0
DA:177,0
DA:178,0
DA:179,0
DA:181,0
LF:82
LH:23
BRDA:23,0,0,0
BRDA:23,0,1,0
BRDA:38,1,0,1
BRDA:38,1,1,1
BRDA:53,2,0,0
BRDA:53,2,1,0
BRDA:53,3,0,0
BRDA:53,3,1,0
BRDA:68,4,0,0
BRDA:68,4,1,1
BRDA:92,5,0,0
BRDA:92,5,1,0
BRDA:116,6,0,0
BRDA:116,6,1,0
BRDA:116,7,0,0
BRDA:116,7,1,0
BRDA:116,7,2,0
BRDA:132,8,0,0
BRDA:132,8,1,0
BRDA:150,9,0,0
BRDA:150,9,1,0
BRDA:167,10,0,0
BRDA:167,10,1,0
BRDA:10,11,0,1
BRDA:10,11,1,0
BRDA:10,12,0,1
BRDA:10,12,1,1
BRF:27
BRH:6
end_of_record
